<?xml version="1.0" encoding="UTF-8"?>
<!-- Generated by org.testng.reporters.JUnitReportReporter -->
<testsuite skipped="0" hostname="MCCVJPH2" name="com.rest.service.restAPIFramework.APITest" tests="3" failures="0" timestamp="28 Jun 2018 15:04:42 GMT" time="1.766" errors="0">
  <testcase name="loginAPITest" time="1.636" classname="com.rest.service.restAPIFramework.APITest"/>
  <testcase name="getBodyTypeAPITest" time="0.078" classname="com.rest.service.restAPIFramework.APITest"/>
  <testcase name="getProfilesAPITest" time="0.052" classname="com.rest.service.restAPIFramework.APITest"/>
</testsuite> <!-- com.rest.service.restAPIFramework.APITest -->
