<?xml version="1.0" encoding="UTF-8"?>
<!-- Generated by org.testng.reporters.JUnitReportReporter -->
<testsuite skipped="0" hostname="MCCVJPH2" name="com.rest.service.restAPIFramework.LoginAPITest" tests="2" failures="0" timestamp="12 Jun 2018 19:17:37 GMT" time="1.748" errors="0">
  <testcase name="getBodyTypeAPITest" time="1.600" classname="com.rest.service.restAPIFramework.LoginAPITest"/>
  <testcase name="loginAPITest" time="0.148" classname="com.rest.service.restAPIFramework.LoginAPITest"/>
</testsuite> <!-- com.rest.service.restAPIFramework.LoginAPITest -->
